03/23/11 01:11:54 AM - Building message catalogs...
03/23/11 01:11:54 AM - Building Windows install...  
03/23/11 01:11:54 AM - Building main.tcl...
03/23/11 01:11:54 AM - Refreshing file groups...
03/23/11 01:11:54 AM - Getting file list...
03/23/11 01:11:54 AM - Building file manifest...
03/23/11 01:11:54 AM - Saving install information...
03/23/11 01:11:55 AM - Building install...
03/23/11 01:11:55 AM - Building install executable...
03/23/11 01:11:56 AM - Windows build completed in 00m02s.
03/23/11 01:11:56 AM - Installer size is 1.90 MB.
03/23/11 01:11:56 AM - Build completed in 00m02s.
03/23/11 01:19:43 AM - Building message catalogs...
03/23/11 01:19:43 AM - Building Windows install...  
03/23/11 01:19:43 AM - Building main.tcl...
03/23/11 01:19:43 AM - Refreshing file groups...
03/23/11 01:19:43 AM - Getting file list...
03/23/11 01:19:43 AM - Building file manifest...
03/23/11 01:19:43 AM - Saving install information...
03/23/11 01:19:45 AM - Building install...
03/23/11 01:19:45 AM - Building install executable...
03/23/11 01:19:46 AM - Windows build completed in 00m03s.
03/23/11 01:19:46 AM - Installer size is 1.90 MB.
03/23/11 01:19:46 AM - Build completed in 00m03s.
03/23/11 01:30:26 AM - Building message catalogs...
03/23/11 01:30:26 AM - Building Windows install...  
03/23/11 01:30:26 AM - Building main.tcl...
03/23/11 01:30:26 AM - Refreshing file groups...
03/23/11 01:30:26 AM - Getting file list...
03/23/11 01:30:27 AM - Building file manifest...
03/23/11 01:30:27 AM - Saving install information...
03/23/11 01:30:28 AM - Building install...
03/23/11 01:30:28 AM - Building install executable...
03/23/11 01:30:29 AM - Windows build completed in 00m03s.
03/23/11 01:30:29 AM - Installer size is 1.90 MB.
03/23/11 01:30:29 AM - Build completed in 00m03s.
03/23/11 01:42:29 AM - Building message catalogs...
03/23/11 01:42:29 AM - Building Windows install...  
03/23/11 01:42:29 AM - Building main.tcl...
03/23/11 01:42:29 AM - Refreshing file groups...
03/23/11 01:42:29 AM - Getting file list...
03/23/11 01:42:30 AM - Building file manifest...
03/23/11 01:42:30 AM - Saving install information...
03/23/11 01:42:31 AM - Building install...
03/23/11 01:42:31 AM - Building install executable...
03/23/11 01:42:32 AM - Windows build completed in 00m03s.
03/23/11 01:42:32 AM - Installer size is 1.90 MB.
03/23/11 01:42:32 AM - Build completed in 00m03s.
03/23/11 03:12:02 AM - Building message catalogs...
03/23/11 03:12:02 AM - Building Windows install...  
03/23/11 03:12:02 AM - Building main.tcl...
03/23/11 03:12:02 AM - Refreshing file groups...
03/23/11 03:12:03 AM - Getting file list...
03/23/11 03:12:03 AM - File 'C:/Documents and Settings/MrBudGood/My Documents/[Programs]/MacroByte/Distribution/Runtime/Debug.exe' does not exist!
03/23/11 03:12:03 AM - Windows build completed with errors
03/23/11 03:12:03 AM - Build completed in 00m01s.
03/23/11 03:12:45 AM - Building message catalogs...
03/23/11 03:12:45 AM - Building Windows install...  
03/23/11 03:12:45 AM - Building main.tcl...
03/23/11 03:12:45 AM - Refreshing file groups...
03/23/11 03:12:45 AM - Getting file list...
03/23/11 03:12:46 AM - Building file manifest...
03/23/11 03:12:46 AM - Saving install information...
03/23/11 03:12:47 AM - Building install...
03/23/11 03:12:47 AM - Building install executable...
03/23/11 03:12:49 AM - Windows build completed in 00m04s.
03/23/11 03:12:49 AM - Installer size is 1.75 MB.
03/23/11 03:12:49 AM - Build completed in 00m04s.
03/24/11 02:59:50 AM - Building message catalogs...
03/24/11 02:59:50 AM - Building Windows install...  
03/24/11 02:59:50 AM - Building main.tcl...
03/24/11 02:59:50 AM - Refreshing file groups...
03/24/11 02:59:50 AM - Getting file list...
03/24/11 02:59:50 AM - Building file manifest...
03/24/11 02:59:50 AM - Saving install information...
03/24/11 02:59:52 AM - Building install...
03/24/11 02:59:52 AM - Building install executable...
03/24/11 02:59:54 AM - Windows build completed in 00m04s.
03/24/11 02:59:54 AM - Installer size is 1.75 MB.
03/24/11 02:59:54 AM - Build completed in 00m04s.
03/24/11 03:02:52 AM - Building message catalogs...
03/24/11 03:02:53 AM - Building Windows install...  
03/24/11 03:02:53 AM - Building main.tcl...
03/24/11 03:02:53 AM - Refreshing file groups...
03/24/11 03:02:53 AM - Getting file list...
03/24/11 03:02:53 AM - Building file manifest...
03/24/11 03:02:53 AM - Saving install information...
03/24/11 03:02:54 AM - Building install...
03/24/11 03:02:54 AM - Building install executable...
03/24/11 03:02:55 AM - Windows build completed in 00m03s.
03/24/11 03:02:55 AM - Installer size is 1.75 MB.
03/24/11 03:02:55 AM - Build completed in 00m03s.
03/24/11 03:03:14 AM - Building message catalogs...
03/24/11 03:03:14 AM - Building Windows install...  
03/24/11 03:03:14 AM - Building main.tcl...
03/24/11 03:03:14 AM - Refreshing file groups...
03/24/11 03:03:15 AM - Getting file list...
03/24/11 03:03:15 AM - Building file manifest...
03/24/11 03:03:15 AM - Saving install information...
03/24/11 03:03:16 AM - Building install...
03/24/11 03:03:16 AM - Building install executable...
03/24/11 03:03:17 AM - Windows build completed in 00m03s.
03/24/11 03:03:17 AM - Installer size is 1.75 MB.
03/24/11 03:03:17 AM - Build completed in 00m03s.
03/25/11 03:38:04 AM - Building message catalogs...
03/25/11 03:38:05 AM - Building Windows install...  
03/25/11 03:38:05 AM - Building main.tcl...
03/25/11 03:38:05 AM - Refreshing file groups...
03/25/11 03:38:05 AM - Getting file list...
03/25/11 03:38:05 AM - Building file manifest...
03/25/11 03:38:05 AM - Saving install information...
03/25/11 03:38:07 AM - Building install...
03/25/11 03:38:07 AM - Building install executable...
03/25/11 03:38:10 AM - Windows build completed in 00m06s.
03/25/11 03:38:10 AM - Installer size is 1.75 MB.
03/25/11 03:38:10 AM - Build completed in 00m06s.
03/25/11 04:54:34 AM - Building message catalogs...
03/25/11 04:54:35 AM - Building Windows install...  
03/25/11 04:54:35 AM - Building main.tcl...
03/25/11 04:54:35 AM - Refreshing file groups...
03/25/11 04:54:35 AM - Getting file list...
03/25/11 04:54:35 AM - Building file manifest...
03/25/11 04:54:35 AM - Saving install information...
03/25/11 04:54:36 AM - Building install...
03/25/11 04:54:36 AM - Building install executable...
03/25/11 04:54:37 AM - Windows build completed in 00m02s.
03/25/11 04:54:37 AM - Installer size is 1.75 MB.
03/25/11 04:54:37 AM - Build completed in 00m03s.
03/25/11 05:22:11 AM - Building message catalogs...
03/25/11 05:22:11 AM - Building Windows install...  
03/25/11 05:22:11 AM - Building main.tcl...
03/25/11 05:22:11 AM - Refreshing file groups...
03/25/11 05:22:11 AM - Getting file list...
03/25/11 05:22:12 AM - Building file manifest...
03/25/11 05:22:12 AM - Saving install information...
03/25/11 05:22:13 AM - Building install...
03/25/11 05:22:13 AM - Building install executable...
03/25/11 05:22:15 AM - Windows build completed in 00m04s.
03/25/11 05:22:15 AM - Installer size is 1.75 MB.
03/25/11 05:22:15 AM - Build completed in 00m04s.
04/04/11 05:01:25 AM - Building message catalogs...
04/04/11 05:01:25 AM - Building Windows install...  
04/04/11 05:01:25 AM - Building main.tcl...
04/04/11 05:01:25 AM - Refreshing file groups...
04/04/11 05:01:25 AM - Getting file list...
04/04/11 05:01:25 AM - Building file manifest...
04/04/11 05:01:25 AM - Saving install information...
04/04/11 05:01:27 AM - Building install...
04/04/11 05:01:27 AM - Building install executable...
04/04/11 05:01:30 AM - Windows build completed in 00m05s.
04/04/11 05:01:30 AM - Installer size is 1.75 MB.
04/04/11 05:01:30 AM - Build completed in 00m05s.
04/05/11 03:33:58 AM - Building message catalogs...
04/05/11 03:33:59 AM - Building Windows install...  
04/05/11 03:33:59 AM - Building main.tcl...
04/05/11 03:33:59 AM - Refreshing file groups...
04/05/11 03:33:59 AM - Getting file list...
04/05/11 03:33:59 AM - Building file manifest...
04/05/11 03:33:59 AM - Saving install information...
04/05/11 03:34:01 AM - Building install...
04/05/11 03:34:01 AM - Building install executable...
04/05/11 03:34:02 AM - Windows build completed in 00m03s.
04/05/11 03:34:02 AM - Installer size is 1.75 MB.
04/05/11 03:34:02 AM - Build completed in 00m04s.
07/21/24 02:19:20 AM - Building message catalogs...
07/21/24 02:19:20 AM - Building Windows install...  
07/21/24 02:19:20 AM - Building main.tcl...
07/21/24 02:19:20 AM - Refreshing file groups...
07/21/24 02:19:21 AM - Getting file list...
07/21/24 02:19:21 AM - File 'C:/Documents and Settings/MrBudGood/My Documents/[Programs]/MacroByte/Distribution' does not exist!
07/21/24 02:19:21 AM - Windows build completed with errors
07/21/24 02:19:21 AM - Build completed in 00m01s.
07/21/24 02:34:22 PM - Building message catalogs...
07/21/24 02:34:22 PM - Building Windows install...  
07/21/24 02:34:22 PM - Building main.tcl...
07/21/24 02:34:22 PM - Refreshing file groups...
07/21/24 02:34:23 PM - Getting file list...
07/21/24 02:34:23 PM - Building file manifest...
07/21/24 02:34:23 PM - Saving install information...
07/21/24 02:34:23 PM - Building install...
07/21/24 02:34:23 PM - Building install executable...
07/21/24 02:34:25 PM - Windows build completed in 00m03s.
07/21/24 02:34:25 PM - Installer size is 3.49 MB.
07/21/24 02:34:25 PM - Build completed in 00m03s.
07/21/24 02:35:45 PM - Configuring build for final release...
07/21/24 02:35:45 PM - Building message catalogs...
07/21/24 02:35:45 PM - Building Windows install...  
07/21/24 02:35:45 PM - Building main.tcl...
07/21/24 02:35:45 PM - Refreshing file groups...
07/21/24 02:35:45 PM - Getting file list...
07/21/24 02:35:45 PM - Building file manifest...
07/21/24 02:35:45 PM - Saving install information...
07/21/24 02:35:46 PM - Building install...
07/21/24 02:35:46 PM - Building install executable...
07/21/24 02:35:47 PM - Windows build completed in 00m02s.
07/21/24 02:35:47 PM - Installer size is 3.48 MB.
07/21/24 02:35:47 PM - Build completed in 00m02s.
07/22/24 09:15:18 PM - Building message catalogs...
07/22/24 09:15:18 PM - Building Windows install...  
07/22/24 09:15:18 PM - Building main.tcl...
07/22/24 09:15:18 PM - Refreshing file groups...
07/22/24 09:15:18 PM - Getting file list...
07/22/24 09:15:18 PM - Building file manifest...
07/22/24 09:15:18 PM - Saving install information...
07/22/24 09:15:19 PM - Building install...
07/22/24 09:15:19 PM - Building install executable...
07/22/24 09:15:20 PM - Windows build completed in 00m02s.
07/22/24 09:15:20 PM - Installer size is 3.49 MB.
07/22/24 09:15:20 PM - Build completed in 00m02s.
07/24/24 08:32:04 PM - Building message catalogs...
07/24/24 08:32:04 PM - Building Windows install...  
07/24/24 08:32:04 PM - Building main.tcl...
07/24/24 08:32:04 PM - Refreshing file groups...
07/24/24 08:32:04 PM - Getting file list...
07/24/24 08:32:04 PM - Building file manifest...
07/24/24 08:32:04 PM - Saving install information...
07/24/24 08:32:04 PM - Building install...
07/24/24 08:32:04 PM - Building install executable...
07/24/24 08:32:06 PM - Windows build completed in 00m02s.
07/24/24 08:32:06 PM - Installer size is 3.48 MB.
07/24/24 08:32:06 PM - Build completed in 00m02s.
07/26/24 11:53:15 PM - Building message catalogs...
07/26/24 11:53:15 PM - Building Windows install...  
07/26/24 11:53:15 PM - Building main.tcl...
07/26/24 11:53:15 PM - Refreshing file groups...
07/26/24 11:53:15 PM - Getting file list...
07/26/24 11:53:15 PM - Building file manifest...
07/26/24 11:53:15 PM - Saving install information...
07/26/24 11:53:16 PM - Building install...
07/26/24 11:53:16 PM - Building install executable...
07/26/24 11:53:18 PM - Windows build completed in 00m03s.
07/26/24 11:53:18 PM - Installer size is 3.48 MB.
07/26/24 11:53:18 PM - Build completed in 00m03s.
07/27/24 12:12:51 AM - Building message catalogs...
07/27/24 12:12:51 AM - Building Windows install...  
07/27/24 12:12:51 AM - Building main.tcl...
07/27/24 12:12:51 AM - Refreshing file groups...
07/27/24 12:12:51 AM - Getting file list...
07/27/24 12:12:51 AM - Building file manifest...
07/27/24 12:12:51 AM - Saving install information...
07/27/24 12:12:52 AM - Building install...
07/27/24 12:12:52 AM - Building install executable...
07/27/24 12:12:53 AM - Windows build completed in 00m02s.
07/27/24 12:12:53 AM - Installer size is 3.48 MB.
07/27/24 12:12:53 AM - Build completed in 00m02s.
07/27/24 12:25:32 AM - Building message catalogs...
07/27/24 12:25:32 AM - Building Windows install...  
07/27/24 12:25:32 AM - Building main.tcl...
07/27/24 12:25:32 AM - Refreshing file groups...
07/27/24 12:25:32 AM - Getting file list...
07/27/24 12:25:32 AM - Building file manifest...
07/27/24 12:25:32 AM - Saving install information...
07/27/24 12:25:32 AM - Building install...
07/27/24 12:25:32 AM - Building install executable...
07/27/24 12:25:33 AM - Windows build completed in 00m01s.
07/27/24 12:25:33 AM - Installer size is 3.48 MB.
07/27/24 12:25:33 AM - Build completed in 00m01s.
